<?xml version="1.0" encoding="UTF-8"?>
<!-- Generated by org.testng.reporters.JUnitReportReporter -->
<testsuite hostname="NAZIRPC" failures="0" tests="3" name="TaskRestAssured" time="4.373" errors="0" timestamp="2024-10-31T11:47:10 WIB" skipped="0">
  <testcase classname="TaskRestAssured" name="getAllObjects" time="1.237"/>
  <system-out/>
  <testcase classname="TaskRestAssured" name="postObject" time="1.899"/>
  <system-out/>
  <testcase classname="TaskRestAssured" name="getObjectById" time="1.237"/>
  <system-out/>
</testsuite> <!-- TaskRestAssured -->
